[2024-11-09 18:30:52,862] [C:\Users\jeand\Downloads\RecRoom-Shirt-Printer-main (2)\RecRoom-Shirt-Printer-main\common.py.<module>:34] [ERROR] ERROR
Traceback (most recent call last):
  File "C:\Users\jeand\Downloads\RecRoom-Shirt-Printer-main (2)\RecRoom-Shirt-Printer-main\Shirt-Printer.py", line 31, in <module>
    main()
    ~~~~^^
  File "C:\Users\jeand\Downloads\RecRoom-Shirt-Printer-main (2)\RecRoom-Shirt-Printer-main\Shirt-Printer.py", line 20, in main
    img, img_data = Encoding.main(list_size=50)
                    ~~~~~~~~~~~~~^^^^^^^^^^^^^^
  File "C:\Users\jeand\Downloads\RecRoom-Shirt-Printer-main (2)\RecRoom-Shirt-Printer-main\Encoding.py", line 271, in main
    img: Image = get_image()
                 ~~~~~~~~~^^
  File "C:\Users\jeand\Downloads\RecRoom-Shirt-Printer-main (2)\RecRoom-Shirt-Printer-main\Encoding.py", line 122, in get_image
    if img.palette:
       ^^^^^^^^^^^
AttributeError: 'NoneType' object has no attribute 'palette'
[2024-12-07 12:16:17,026] [C:\Users\jeand\Downloads\RecRoom-Shirt-Printer-main (2)\RecRoom-Shirt-Printer-main\common.py.<module>:34] [ERROR] ERROR
Traceback (most recent call last):
  File "C:\Users\jeand\Downloads\RecRoom-Shirt-Printer-main (2)\RecRoom-Shirt-Printer-main\Shirt-Printer.py", line 31, in <module>
    main()
    ~~~~^^
  File "C:\Users\jeand\Downloads\RecRoom-Shirt-Printer-main (2)\RecRoom-Shirt-Printer-main\Shirt-Printer.py", line 20, in main
    img, img_data = Encoding.main(list_size=50)
                    ~~~~~~~~~~~~~^^^^^^^^^^^^^^
  File "C:\Users\jeand\Downloads\RecRoom-Shirt-Printer-main (2)\RecRoom-Shirt-Printer-main\Encoding.py", line 271, in main
    img: Image = get_image()
                 ~~~~~~~~~^^
  File "C:\Users\jeand\Downloads\RecRoom-Shirt-Printer-main (2)\RecRoom-Shirt-Printer-main\Encoding.py", line 122, in get_image
    if img.palette:
       ^^^^^^^^^^^
AttributeError: 'NoneType' object has no attribute 'palette'
